November 10th 2022, 1:44:27 pm  GET http://localhost:5000/api/users/
November 10th 2022, 1:44:54 pm  GET http://localhost:5000/api/v1/products
November 10th 2022, 1:45:15 pm  GET http://localhost:5000/api/products
November 10th 2022, 1:46:21 pm  GET http://localhost:5000/api/users/
November 10th 2022, 1:47:20 pm  GET http://localhost:5000/api/users/
November 10th 2022, 1:47:35 pm  GET http://localhost:5000/api/users/636cdf0b2563c1d4ec0f43f5
November 10th 2022, 1:48:07 pm  GET http://localhost:5000/api/users/636cdf0b2563c1d4ec0f43f5
November 10th 2022, 1:48:18 pm  GET http://localhost:5000/api/users/636cdf0b2563c1d4ec0f43f5
November 10th 2022, 1:48:25 pm  GET http://localhost:5000/api/users/136cdf0b2563c1d4ec0f43f5
November 10th 2022, 1:49:48 pm  GET http://localhost:5000/api/users/136cdf0b2563c1d4ec0f43f5
November 10th 2022, 1:50:00 pm  GET http://localhost:5000/api/users/136cdf0b2563c1d4ec0f43f5
November 10th 2022, 1:50:20 pm  GET http://localhost:5000/api/users/136cdf0b2563c1d4ec0f43f5
November 10th 2022, 1:50:32 pm  GET http://localhost:5000/api/users/136cdf0b2563c1d4ec0f43f5
November 10th 2022, 1:50:43 pm  GET http://localhost:5000/api/users/136cdf0b2563c1d4ec0f43f5
November 10th 2022, 1:50:56 pm  GET http://localhost:5000/api/users/636cdf0b2563c1d4ec0f43f5
November 10th 2022, 1:55:31 pm  GET http://localhost:5000/api/users/636cdf0b2563c1d4ec0f43f5
November 10th 2022, 1:55:37 pm  GET http://localhost:5000/api/users/736cdf0b2563c1d4ec0f43f5
November 10th 2022, 1:56:01 pm  GET http://localhost:5000/api/users/
November 10th 2022, 1:57:10 pm  GET http://localhost:5000/api/users/
November 10th 2022, 1:57:23 pm  GET http://localhost:5000/api/users/
November 10th 2022, 1:58:26 pm  POST http://localhost:5000/api/users/
November 10th 2022, 2:01:48 pm  POST http://localhost:5000/api/users/
November 10th 2022, 2:02:37 pm  POST http://localhost:5000/api/users/
November 10th 2022, 2:02:58 pm  POST http://localhost:5000/api/users/
November 10th 2022, 2:03:07 pm  POST http://localhost:5000/api/users/
November 10th 2022, 2:03:21 pm  POST http://localhost:5000/api/users/
November 10th 2022, 2:03:34 pm  POST http://localhost:5000/api/users/
November 10th 2022, 2:03:42 pm  POST http://localhost:5000/api/users/
November 10th 2022, 2:03:50 pm  GET http://localhost:5000/api/users/
November 10th 2022, 2:08:01 pm  GET http://localhost:5000/api/users/
November 10th 2022, 2:08:08 pm  GET http://localhost:5000/api/users/
November 10th 2022, 2:08:22 pm  GET http://localhost:5000/api/users/
November 10th 2022, 2:08:33 pm  GET http://localhost:5000/api/users/
November 10th 2022, 2:08:36 pm  GET http://localhost:5000/api/users/
November 10th 2022, 2:08:38 pm  GET http://localhost:5000/api/users/
November 10th 2022, 2:08:55 pm  POST http://localhost:5000/api/users/
November 10th 2022, 2:09:01 pm  GET http://localhost:5000/api/users/
November 10th 2022, 2:09:04 pm  GET http://localhost:5000/api/users/
November 10th 2022, 2:09:47 pm  GET http://localhost:5000/api/products
November 10th 2022, 2:09:51 pm  GET http://localhost:5000/api/products
November 10th 2022, 2:11:25 pm  GET http://localhost:5000/api/products/636cdd322563c1d4ec0f43f1
November 10th 2022, 2:11:29 pm  GET http://localhost:5000/api/users/
November 10th 2022, 2:11:56 pm  GET http://localhost:5000/api/users/636cdd322563c1d4ec0f43f1
November 10th 2022, 2:12:11 pm  PUT http://localhost:5000/api/users/636cdd322563c1d4ec0f43f1
November 10th 2022, 2:17:08 pm  PUT http://localhost:5000/api/users/636cdd322563c1d4ec0f43f1
November 10th 2022, 2:17:20 pm  GET http://localhost:5000/api/users/636cdd322563c1d4ec0f43f1
November 10th 2022, 2:17:27 pm  PUT http://localhost:5000/api/users/636cdd322563c1d4ec0f43f1
November 10th 2022, 2:17:37 pm  PUT http://localhost:5000/api/users/636cdd322563c1d4ec0f43f1
November 10th 2022, 2:17:39 pm  PUT http://localhost:5000/api/users/636cdd322563c1d4ec0f43f1
November 10th 2022, 2:17:40 pm  PUT http://localhost:5000/api/users/636cdd322563c1d4ec0f43f1
November 10th 2022, 2:17:42 pm  PUT http://localhost:5000/api/users/636cdd322563c1d4ec0f43f1
November 10th 2022, 2:17:43 pm  PUT http://localhost:5000/api/users/636cdd322563c1d4ec0f43f1
November 10th 2022, 2:17:44 pm  PUT http://localhost:5000/api/users/636cdd322563c1d4ec0f43f1
November 10th 2022, 2:17:44 pm  PUT http://localhost:5000/api/users/636cdd322563c1d4ec0f43f1
November 10th 2022, 2:17:45 pm  PUT http://localhost:5000/api/users/636cdd322563c1d4ec0f43f1
November 10th 2022, 2:19:32 pm  PUT http://localhost:5000/api/users/636cdd322563c1d4ec0f43f1
November 10th 2022, 2:19:39 pm  PUT http://localhost:5000/api/users/
November 10th 2022, 2:55:09 pm  PUT http://localhost:5000/api/users/
November 10th 2022, 2:55:16 pm  GET http://localhost:5000/api/users/
November 10th 2022, 2:56:17 pm  PUT http://localhost:5000/api/users/636ce9d75b29110ae1160c0d
November 10th 2022, 2:57:18 pm  GET http://localhost:5000/api/users/636ce9d75b29110ae1160c0d
November 10th 2022, 2:57:28 pm  GET http://localhost:5000/api/users/
November 10th 2022, 2:58:17 pm  PUT http://localhost:5000/api/users/636ce89edb271395f18e4194
November 10th 2022, 2:58:29 pm  GET http://localhost:5000/api/users/
November 10th 2022, 3:01:45 pm  DELETE http://localhost:5000/api/users/636ce89edb271395f18e4194
November 10th 2022, 3:03:38 pm  DELETE http://localhost:5000/api/users/636ce89edb271395f18e4194
November 10th 2022, 3:03:40 pm  DELETE http://localhost:5000/api/users/636ce89edb271395f18e4194
November 10th 2022, 3:03:47 pm  DELETE http://localhost:5000/api/users/636ce89edb271395f18e4194
November 10th 2022, 3:04:06 pm  DELETE http://localhost:5000/api/users/636ce89edb271395f18e4194
November 10th 2022, 3:04:13 pm  DELETE http://localhost:5000/api/users/636ce89edb271395f18e4194
November 10th 2022, 3:04:22 pm  DELETE http://localhost:5000/api/users/636ce89edb271395f18e4194
November 10th 2022, 3:05:34 pm  GET http://localhost:5000/api/users/
November 10th 2022, 3:05:37 pm  GET http://localhost:5000/api/users/
November 10th 2022, 3:05:58 pm  DELETE http://localhost:5000/api/users/636ce896db271395f18e4192
November 10th 2022, 3:06:08 pm  GET http://localhost:5000/api/users/
November 10th 2022, 3:06:13 pm  GET http://localhost:5000/api/users/
November 10th 2022, 3:06:18 pm  DELETE http://localhost:5000/api/users/636ce896db271395f18e4192
November 10th 2022, 3:06:20 pm  DELETE http://localhost:5000/api/users/636ce896db271395f18e4192
November 10th 2022, 3:06:38 pm  DELETE http://localhost:5000/api/users/636ce889474c7707af311424
November 10th 2022, 3:06:45 pm  GET http://localhost:5000/api/users/
November 10th 2022, 3:07:51 pm  PUT http://localhost:5000/api/users/636ce9d75b29110ae1160c0d
November 10th 2022, 3:08:11 pm  GET http://localhost:5000/api/users/636ce9d75b29110ae1160c0d
November 10th 2022, 3:10:09 pm  GET http://localhost:5000/api/users/636ce9d75b29110ae1160c0d
